--------------------------------------------------------------------------------
Release 10.1 Trace  (lin64)
Copyright (c) 1995-2008 Xilinx, Inc.  All rights reserved.

/nfs/sw_cmc/x86_64.EL7/tools/xilinx_10.1/ISE/bin/lin64/unwrapped/trce -ise
/nfs/home/x/x_ti/Modelsim/Xilinx/converter2/converter2.ise -intstyle ise -e 3
-s 7 -xml converter converter.ncd -o converter.twr converter.pcf -ucf
converter.ucf

Design file:              converter.ncd
Physical constraint file: converter.pcf
Device,package,speed:     xc2vp30,ff896,-7 (PRODUCTION 1.94 2008-01-09)
Report level:             error report

Environment Variable      Effect 
--------------------      ------ 
NONE                      No environment variables were set
--------------------------------------------------------------------------------

INFO:Timing:2698 - No timing constraints found, doing default enumeration.
INFO:Timing:2752 - To get complete path coverage, use the unconstrained paths 
   option. All paths that are not constrained will be reported in the 
   unconstrained paths section(s) of the report.
INFO:Timing:3339 - The clock-to-out numbers in this timing report are based on 
   a 50 Ohm transmission line loading model.  For the details of this model, 
   and for more information on accounting for different loading conditions, 
   please see the device datasheet.



Data Sheet report:
-----------------
All values displayed in nanoseconds (ns)

Pad to Pad
---------------+---------------+---------+
Source Pad     |Destination Pad|  Delay  |
---------------+---------------+---------+
sign_mag(0)    |twos_comp(0)   |    5.676|
sign_mag(0)    |twos_comp(1)   |    6.206|
sign_mag(0)    |twos_comp(2)   |    5.990|
sign_mag(1)    |twos_comp(1)   |    5.818|
sign_mag(1)    |twos_comp(2)   |    5.664|
sign_mag(2)    |twos_comp(2)   |    5.665|
sign_mag(3)    |twos_comp(0)   |    5.719|
sign_mag(3)    |twos_comp(1)   |    6.238|
sign_mag(3)    |twos_comp(2)   |    6.090|
---------------+---------------+---------+


Analysis completed Wed Mar 14 15:48:39 2018 
--------------------------------------------------------------------------------

Trace Settings:
-------------------------
Trace Settings 

Peak Memory Usage: 297 MB



