Release 10.1 Map K.31 (lin64)
Xilinx Mapping Report File for Design 'registers_min_max'

Design Information
------------------
Command Line   : map -ise
/nfs/home/x/x_ti/Modelsim/VHDL/Xilinx/registers_min_max_sig/registers_min_max_si
g.ise -intstyle ise -p xc2vp30-ff896-7 -cm area -pr off -k 4 -c 100 -tx off -o
registers_min_max_map.ncd registers_min_max.ngd registers_min_max.pcf 
Target Device  : xc2vp30
Target Package : ff896
Target Speed   : -7
Mapper Version : virtex2p -- $Revision: 1.46 $
Mapped Date    : Wed Apr  4 17:38:36 2018

Design Summary
--------------
Number of errors:      0
Number of warnings:    2
Logic Utilization:
  Total Number Slice Registers:          24 out of  27,392    1%
    Number used as Flip Flops:           16
    Number used as Latches:               8
  Number of 4 input LUTs:                92 out of  27,392    1%
Logic Distribution:
  Number of occupied Slices:             56 out of  13,696    1%
    Number of Slices containing only related logic:      56 out of      56 100%
    Number of Slices containing unrelated logic:          0 out of      56   0%
      *See NOTES below for an explanation of the effects of unrelated logic.
  Total Number of 4 input LUTs:          92 out of  27,392    1%
  Number of bonded IOBs:                 20 out of     556    3%
  Number of BUFGMUXs:                     1 out of      16    6%

Peak Memory Usage:  557 MB
Total REAL time to MAP completion:  4 secs 
Total CPU time to MAP completion:   1 secs 

NOTES:

   Related logic is defined as being logic that shares connectivity - e.g. two
   LUTs are "related" if they share common inputs.  When assembling slices,
   Map gives priority to combine logic that is related.  Doing so results in
   the best timing performance.

   Unrelated logic shares no connectivity.  Map will only begin packing
   unrelated logic into a slice once 99% of the slices are occupied through
   related logic packing.

   Note that once logic distribution reaches the 99% level through related
   logic packing, this does not mean the device is completely utilized.
   Unrelated logic packing will then begin, continuing until all usable LUTs
   and FFs are occupied.  Depending on your timing budget, increased levels of
   unrelated logic packing may adversely affect the overall timing performance
   of your design.

Table of Contents
-----------------
Section 1 - Errors
Section 2 - Warnings
Section 3 - Informational
Section 4 - Removed Logic Summary
Section 5 - Removed Logic
Section 6 - IOB Properties
Section 7 - RPMs
Section 8 - Guide Report
Section 9 - Area Group and Partition Summary
Section 10 - Modular Design Summary
Section 11 - Timing Report
Section 12 - Configuration String Information
Section 13 - Control Set Information
Section 14 - Utilization by Hierarchy

Section 1 - Errors
------------------

Section 2 - Warnings
--------------------
WARNING:PhysDesignRules:372 - Gated clock. Clock net nx56825z11 is sourced by a
   combinatorial pin. This is not good design practice. Use the CE pin to
   control the loading of data into the flip-flop.
WARNING:PhysDesignRules:372 - Gated clock. Clock net nx52307z13 is sourced by a
   combinatorial pin. This is not good design practice. Use the CE pin to
   control the loading of data into the flip-flop.

Section 3 - Informational
-------------------------
INFO:MapLib:562 - No environment variables are currently set.
INFO:LIT:244 - All of the single ended outputs in this design are using slew
   rate limited output drivers. The delay on speed critical single ended outputs
   can be dramatically reduced by designating them as fast outputs.

Section 4 - Removed Logic Summary
---------------------------------

Section 5 - Removed Logic
-------------------------

To enable printing of redundant blocks removed and signals merged, set the
detailed map report option and rerun map.

Section 6 - IOB Properties
--------------------------

+----------------------------------------------------------------------------------------------------------------------------------------+
| IOB Name                           | Type             | Direction | IO Standard | Drive    | Slew | Reg (s)      | Resistor | IOB      |
|                                    |                  |           |             | Strength | Rate |              |          | Delay    |
+----------------------------------------------------------------------------------------------------------------------------------------+
| clk                                | IOB              | INPUT     | LVCMOS25    |          |      |              |          |          |
| din(0)                             | IOB              | INPUT     | LVCMOS25    |          |      |              |          |          |
| din(1)                             | IOB              | INPUT     | LVCMOS25    |          |      |              |          |          |
| din(2)                             | IOB              | INPUT     | LVCMOS25    |          |      |              |          |          |
| din(3)                             | IOB              | INPUT     | LVCMOS25    |          |      |              |          |          |
| max_out(0)                         | IOB              | OUTPUT    | LVCMOS25    | 12       | SLOW |              |          |          |
| max_out(1)                         | IOB              | OUTPUT    | LVCMOS25    | 12       | SLOW |              |          |          |
| max_out(2)                         | IOB              | OUTPUT    | LVCMOS25    | 12       | SLOW |              |          |          |
| max_out(3)                         | IOB              | OUTPUT    | LVCMOS25    | 12       | SLOW |              |          |          |
| min_out(0)                         | IOB              | OUTPUT    | LVCMOS25    | 12       | SLOW |              |          |          |
| min_out(1)                         | IOB              | OUTPUT    | LVCMOS25    | 12       | SLOW |              |          |          |
| min_out(2)                         | IOB              | OUTPUT    | LVCMOS25    | 12       | SLOW |              |          |          |
| min_out(3)                         | IOB              | OUTPUT    | LVCMOS25    | 12       | SLOW |              |          |          |
| reg_out(0)                         | IOB              | OUTPUT    | LVCMOS25    | 12       | SLOW |              |          |          |
| reg_out(1)                         | IOB              | OUTPUT    | LVCMOS25    | 12       | SLOW |              |          |          |
| reg_out(2)                         | IOB              | OUTPUT    | LVCMOS25    | 12       | SLOW |              |          |          |
| reg_out(3)                         | IOB              | OUTPUT    | LVCMOS25    | 12       | SLOW |              |          |          |
| reset                              | IOB              | INPUT     | LVCMOS25    |          |      |              |          |          |
| sel(0)                             | IOB              | INPUT     | LVCMOS25    |          |      |              |          |          |
| sel(1)                             | IOB              | INPUT     | LVCMOS25    |          |      |              |          |          |
+----------------------------------------------------------------------------------------------------------------------------------------+

Section 7 - RPMs
----------------

Section 8 - Guide Report
------------------------
Guide not run on this design.

Section 9 - Area Group and Partition Summary
--------------------------------------------

Partition Implementation Status
-------------------------------

  No Partitions were found in this design.

-------------------------------

Area Group Information
----------------------

  No area groups were found in this design.

----------------------

Section 10 - Modular Design Summary
-----------------------------------
Modular Design not used for this design.

Section 11 - Timing Report
--------------------------
This design was not run using timing mode.

Section 12 - Configuration String Details
-----------------------------------------
Use the "-detail" map option to print out Configuration Strings

Section 13 - Control Set Information
------------------------------------
No control set information for this architecture.

Section 14 - Utilization by Hierarchy
-------------------------------------

This feature is not supported for this architecture.
